::1 - - [06/Feb/2018:19:13:24 -0500] "GET / HTTP/1.1" 200 46
::1 - - [06/Feb/2018:19:13:26 -0500] "GET /favicon.ico HTTP/1.1" 404 209
::1 - - [06/Feb/2018:19:15:38 -0500] "GET / HTTP/1.1" 200 63
::1 - - [06/Feb/2018:19:24:03 -0500] "GET / HTTP/1.1" 200 1053
::1 - - [06/Feb/2018:19:24:03 -0500] "GET /css/main.css HTTP/1.1" 404 210
::1 - - [06/Feb/2018:19:34:13 -0500] "GET / HTTP/1.1" 200 1039
::1 - - [06/Feb/2018:19:34:14 -0500] "GET /css/main.css HTTP/1.1" 404 210
::1 - - [06/Feb/2018:19:34:57 -0500] "GET / HTTP/1.1" 200 1038
::1 - - [06/Feb/2018:19:34:57 -0500] "GET /main.css HTTP/1.1" 200 38
::1 - - [06/Feb/2018:19:36:26 -0500] "GET / HTTP/1.1" 304 -
::1 - - [06/Feb/2018:19:36:26 -0500] "GET /main.css HTTP/1.1" 200 182
::1 - - [06/Feb/2018:19:37:46 -0500] "GET / HTTP/1.1" 304 -
::1 - - [06/Feb/2018:19:37:46 -0500] "GET /main.css HTTP/1.1" 200 259
::1 - - [06/Feb/2018:19:38:27 -0500] "GET / HTTP/1.1" 304 -
::1 - - [06/Feb/2018:19:38:27 -0500] "GET /main.css HTTP/1.1" 200 291
::1 - - [06/Feb/2018:19:39:02 -0500] "GET / HTTP/1.1" 304 -
::1 - - [06/Feb/2018:19:39:02 -0500] "GET /main.css HTTP/1.1" 200 307
::1 - - [06/Feb/2018:19:39:18 -0500] "GET /main.css HTTP/1.1" 304 -
::1 - - [06/Feb/2018:19:40:10 -0500] "GET / HTTP/1.1" 304 -
::1 - - [06/Feb/2018:19:40:10 -0500] "GET /main.css HTTP/1.1" 200 355
::1 - - [06/Feb/2018:19:41:26 -0500] "GET / HTTP/1.1" 304 -
::1 - - [06/Feb/2018:19:41:26 -0500] "GET /main.css HTTP/1.1" 200 377
::1 - - [06/Feb/2018:19:41:28 -0500] "GET / HTTP/1.1" 304 -
::1 - - [06/Feb/2018:19:41:28 -0500] "GET /main.css HTTP/1.1" 304 -
::1 - - [06/Feb/2018:19:41:41 -0500] "GET / HTTP/1.1" 304 -
::1 - - [06/Feb/2018:19:41:41 -0500] "GET /main.css HTTP/1.1" 200 376
::1 - - [06/Feb/2018:19:41:42 -0500] "GET / HTTP/1.1" 304 -
::1 - - [06/Feb/2018:19:41:42 -0500] "GET / HTTP/1.1" 304 -
::1 - - [06/Feb/2018:19:41:42 -0500] "GET /main.css HTTP/1.1" 304 -
::1 - - [06/Feb/2018:19:41:43 -0500] "GET / HTTP/1.1" 304 -
::1 - - [06/Feb/2018:19:41:43 -0500] "GET / HTTP/1.1" 304 -
::1 - - [06/Feb/2018:19:41:43 -0500] "GET / HTTP/1.1" 304 -
::1 - - [06/Feb/2018:19:41:43 -0500] "GET /main.css HTTP/1.1" 304 -
::1 - - [06/Feb/2018:19:41:43 -0500] "GET / HTTP/1.1" 304 -
::1 - - [06/Feb/2018:19:41:44 -0500] "GET / HTTP/1.1" 304 -
::1 - - [06/Feb/2018:19:41:44 -0500] "GET /main.css HTTP/1.1" 304 -
::1 - - [06/Feb/2018:19:41:50 -0500] "GET / HTTP/1.1" 304 -
::1 - - [06/Feb/2018:19:41:50 -0500] "GET /main.css HTTP/1.1" 200 377
::1 - - [06/Feb/2018:19:42:12 -0500] "GET / HTTP/1.1" 304 -
::1 - - [06/Feb/2018:19:42:13 -0500] "GET /main.css HTTP/1.1" 200 378
::1 - - [06/Feb/2018:19:43:02 -0500] "GET / HTTP/1.1" 304 -
::1 - - [06/Feb/2018:19:43:02 -0500] "GET /main.css HTTP/1.1" 200 420
::1 - - [06/Feb/2018:19:44:00 -0500] "GET / HTTP/1.1" 304 -
::1 - - [06/Feb/2018:19:44:00 -0500] "GET /main.css HTTP/1.1" 200 513
::1 - - [06/Feb/2018:19:45:46 -0500] "GET / HTTP/1.1" 200 1052
::1 - - [06/Feb/2018:19:45:46 -0500] "GET /main.css HTTP/1.1" 200 596
::1 - - [06/Feb/2018:19:49:22 -0500] "GET / HTTP/1.1" 200 1202
::1 - - [06/Feb/2018:19:49:22 -0500] "GET /main.css HTTP/1.1" 200 710
::1 - - [06/Feb/2018:19:50:03 -0500] "GET / HTTP/1.1" 304 -
::1 - - [06/Feb/2018:19:50:04 -0500] "GET /main.css HTTP/1.1" 200 748
::1 - - [06/Feb/2018:19:50:57 -0500] "GET / HTTP/1.1" 304 -
::1 - - [06/Feb/2018:19:50:57 -0500] "GET /main.css HTTP/1.1" 200 797
::1 - - [06/Feb/2018:19:52:05 -0500] "GET / HTTP/1.1" 304 -
::1 - - [06/Feb/2018:19:52:05 -0500] "GET /main.css HTTP/1.1" 200 877
::1 - - [06/Feb/2018:19:53:18 -0500] "GET / HTTP/1.1" 304 -
::1 - - [06/Feb/2018:19:53:18 -0500] "GET /main.css HTTP/1.1" 200 936
::1 - - [06/Feb/2018:19:53:29 -0500] "GET / HTTP/1.1" 304 -
::1 - - [06/Feb/2018:19:53:29 -0500] "GET /main.css HTTP/1.1" 304 -
::1 - - [06/Feb/2018:19:54:43 -0500] "GET / HTTP/1.1" 304 -
::1 - - [06/Feb/2018:19:54:43 -0500] "GET /main.css HTTP/1.1" 200 990
::1 - - [06/Feb/2018:19:55:36 -0500] "GET / HTTP/1.1" 304 -
::1 - - [06/Feb/2018:19:55:36 -0500] "GET /main.css HTTP/1.1" 200 1019
::1 - - [06/Feb/2018:19:55:44 -0500] "GET / HTTP/1.1" 304 -
::1 - - [06/Feb/2018:19:55:44 -0500] "GET /main.css HTTP/1.1" 304 -
::1 - - [06/Feb/2018:19:55:45 -0500] "GET / HTTP/1.1" 304 -
::1 - - [06/Feb/2018:19:55:45 -0500] "GET /main.css HTTP/1.1" 304 -
::1 - - [06/Feb/2018:19:55:46 -0500] "GET / HTTP/1.1" 304 -
::1 - - [06/Feb/2018:19:55:46 -0500] "GET /main.css HTTP/1.1" 304 -
::1 - - [06/Feb/2018:19:56:31 -0500] "GET / HTTP/1.1" 304 -
::1 - - [06/Feb/2018:19:56:31 -0500] "GET /main.css HTTP/1.1" 200 1019
::1 - - [06/Feb/2018:19:56:37 -0500] "GET / HTTP/1.1" 304 -
::1 - - [06/Feb/2018:19:56:37 -0500] "GET /main.css HTTP/1.1" 200 1019
::1 - - [06/Feb/2018:19:56:37 -0500] "GET / HTTP/1.1" 304 -
::1 - - [06/Feb/2018:19:56:37 -0500] "GET / HTTP/1.1" 304 -
::1 - - [06/Feb/2018:19:56:37 -0500] "GET / HTTP/1.1" 304 -
::1 - - [06/Feb/2018:19:56:37 -0500] "GET /main.css HTTP/1.1" 304 -
::1 - - [06/Feb/2018:19:57:28 -0500] "GET / HTTP/1.1" 200 1202
::1 - - [06/Feb/2018:19:57:28 -0500] "GET /main.css HTTP/1.1" 200 1026
::1 - - [06/Feb/2018:19:57:31 -0500] "GET / HTTP/1.1" 304 -
::1 - - [06/Feb/2018:19:57:31 -0500] "GET /main.css HTTP/1.1" 304 -
::1 - - [06/Feb/2018:19:58:04 -0500] "GET / HTTP/1.1" 304 -
::1 - - [06/Feb/2018:19:58:04 -0500] "GET /main.css HTTP/1.1" 304 -
::1 - - [06/Feb/2018:19:58:06 -0500] "GET / HTTP/1.1" 304 -
::1 - - [06/Feb/2018:19:58:24 -0500] "GET / HTTP/1.1" 304 -
::1 - - [06/Feb/2018:19:58:24 -0500] "GET /main.css HTTP/1.1" 200 1025
::1 - - [06/Feb/2018:19:58:25 -0500] "GET / HTTP/1.1" 304 -
::1 - - [06/Feb/2018:19:58:25 -0500] "GET /main.css HTTP/1.1" 304 -
::1 - - [06/Feb/2018:19:58:25 -0500] "GET / HTTP/1.1" 304 -
::1 - - [06/Feb/2018:19:58:26 -0500] "GET /main.css HTTP/1.1" 304 -
::1 - - [06/Feb/2018:19:58:26 -0500] "GET / HTTP/1.1" 304 -
::1 - - [06/Feb/2018:19:58:26 -0500] "GET /main.css HTTP/1.1" 304 -
::1 - - [06/Feb/2018:19:58:26 -0500] "GET / HTTP/1.1" 304 -
::1 - - [06/Feb/2018:19:58:26 -0500] "GET /main.css HTTP/1.1" 304 -
::1 - - [06/Feb/2018:19:58:26 -0500] "GET / HTTP/1.1" 304 -
::1 - - [06/Feb/2018:19:58:27 -0500] "GET /main.css HTTP/1.1" 304 -
::1 - - [06/Feb/2018:19:58:54 -0500] "GET / HTTP/1.1" 304 -
::1 - - [06/Feb/2018:19:58:54 -0500] "GET /main.css HTTP/1.1" 200 1036
::1 - - [06/Feb/2018:19:58:55 -0500] "GET / HTTP/1.1" 304 -
::1 - - [06/Feb/2018:19:58:56 -0500] "GET /main.css HTTP/1.1" 304 -
::1 - - [06/Feb/2018:19:58:56 -0500] "GET / HTTP/1.1" 304 -
::1 - - [06/Feb/2018:19:58:56 -0500] "GET /main.css HTTP/1.1" 304 -
::1 - - [06/Feb/2018:19:58:56 -0500] "GET / HTTP/1.1" 304 -
::1 - - [06/Feb/2018:19:58:56 -0500] "GET /main.css HTTP/1.1" 304 -
::1 - - [06/Feb/2018:19:58:57 -0500] "GET / HTTP/1.1" 304 -
::1 - - [06/Feb/2018:19:58:57 -0500] "GET /main.css HTTP/1.1" 304 -
::1 - - [06/Feb/2018:19:58:57 -0500] "GET / HTTP/1.1" 304 -
::1 - - [06/Feb/2018:19:58:57 -0500] "GET / HTTP/1.1" 304 -
::1 - - [06/Feb/2018:19:58:57 -0500] "GET /main.css HTTP/1.1" 304 -
::1 - - [06/Feb/2018:20:13:37 -0500] "GET / HTTP/1.1" 200 1468
::1 - - [06/Feb/2018:20:13:37 -0500] "GET /main.css HTTP/1.1" 304 -
::1 - - [06/Feb/2018:20:15:30 -0500] "GET / HTTP/1.1" 200 1492
::1 - - [06/Feb/2018:20:15:30 -0500] "GET /main.css HTTP/1.1" 304 -
::1 - - [06/Feb/2018:20:17:14 -0500] "GET / HTTP/1.1" 200 1524
::1 - - [06/Feb/2018:20:17:15 -0500] "GET /main.css HTTP/1.1" 304 -
::1 - - [07/Feb/2018:14:50:19 -0500] "GET / HTTP/1.1" 200 1524
::1 - - [07/Feb/2018:14:50:19 -0500] "GET /main.css HTTP/1.1" 200 1036
::1 - - [07/Feb/2018:14:51:12 -0500] "GET / HTTP/1.1" 304 -
::1 - - [07/Feb/2018:14:51:28 -0500] "GET /favicon.ico HTTP/1.1" 404 209
::1 - - [07/Feb/2018:14:51:51 -0500] "GET / HTTP/1.1" 304 -
::1 - - [07/Feb/2018:15:30:53 -0500] "GET / HTTP/1.1" 200 1524
::1 - - [07/Feb/2018:15:30:53 -0500] "GET /main.css HTTP/1.1" 200 1036
::1 - - [07/Feb/2018:15:31:02 -0500] "GET /favicon.ico HTTP/1.1" 404 209
::1 - - [07/Feb/2018:15:31:10 -0500] "GET / HTTP/1.1" 304 -
::1 - - [07/Feb/2018:15:34:48 -0500] "GET / HTTP/1.1" 200 1521
::1 - - [07/Feb/2018:15:36:04 -0500] "GET / HTTP/1.1" 200 1528
::1 - - [07/Feb/2018:15:37:08 -0500] "GET / HTTP/1.1" 304 -
::1 - - [07/Feb/2018:15:37:15 -0500] "GET / HTTP/1.1" 304 -
::1 - - [07/Feb/2018:15:47:19 -0500] "GET / HTTP/1.1" 200 1532
::1 - - [07/Feb/2018:15:48:06 -0500] "GET / HTTP/1.1" 304 -
::1 - - [07/Feb/2018:15:49:47 -0500] "GET / HTTP/1.1" 304 -
::1 - - [07/Feb/2018:15:53:19 -0500] "GET / HTTP/1.1" 304 -
::1 - - [07/Feb/2018:16:07:13 -0500] "GET / HTTP/1.1" 304 -
::1 - - [07/Feb/2018:16:07:14 -0500] "GET / HTTP/1.1" 304 -
::1 - - [07/Feb/2018:16:07:18 -0500] "GET / HTTP/1.1" 304 -
::1 - - [07/Feb/2018:16:48:15 -0500] "GET / HTTP/1.1" 200 1538
::1 - - [07/Feb/2018:16:49:15 -0500] "-" 408 -
::1 - - [07/Feb/2018:16:49:15 -0500] "-" 408 -
::1 - - [07/Feb/2018:16:49:15 -0500] "-" 408 -
::1 - - [07/Feb/2018:16:49:15 -0500] "-" 408 -
::1 - - [07/Feb/2018:16:49:15 -0500] "-" 408 -
::1 - - [07/Feb/2018:16:50:44 -0500] "GET / HTTP/1.1" 200 1127
::1 - - [07/Feb/2018:16:51:03 -0500] "GET / HTTP/1.1" 200 1125
::1 - - [07/Feb/2018:16:51:27 -0500] "GET / HTTP/1.1" 200 1144
::1 - - [07/Feb/2018:16:54:30 -0500] "GET /index.php HTTP/1.1" 200 19
::1 - - [07/Feb/2018:16:55:30 -0500] "-" 408 -
::1 - - [07/Feb/2018:16:55:30 -0500] "-" 408 -
::1 - - [07/Feb/2018:16:55:30 -0500] "-" 408 -
::1 - - [07/Feb/2018:16:55:30 -0500] "-" 408 -
::1 - - [07/Feb/2018:16:57:16 -0500] "GET /index.php HTTP/1.1" 200 1146
::1 - - [07/Feb/2018:16:57:35 -0500] "GET / HTTP/1.1" 200 337
::1 - - [07/Feb/2018:16:58:23 -0500] "GET / HTTP/1.1" 200 1139
::1 - - [07/Feb/2018:17:06:23 -0500] "GET / HTTP/1.1" 304 -
::1 - - [07/Feb/2018:17:07:02 -0500] "GET / HTTP/1.1" 200 337
::1 - - [07/Feb/2018:17:09:05 -0500] "GET / HTTP/1.1" 200 337
::1 - - [08/Feb/2018:17:22:22 -0500] "GET / HTTP/1.1" 200 205
::1 - - [08/Feb/2018:17:22:24 -0500] "GET /favicon.ico HTTP/1.1" 404 209
::1 - - [08/Feb/2018:17:22:29 -0500] "GET /index.php HTTP/1.1" 200 1119
::1 - - [08/Feb/2018:17:23:34 -0500] "-" 408 -
::1 - - [08/Feb/2018:17:23:34 -0500] "-" 408 -
::1 - - [08/Feb/2018:17:23:34 -0500] "-" 408 -
::1 - - [08/Feb/2018:17:25:22 -0500] "GET / HTTP/1.1" 200 205
::1 - - [08/Feb/2018:17:25:24 -0500] "GET / HTTP/1.1" 200 205
::1 - - [08/Feb/2018:17:25:25 -0500] "GET / HTTP/1.1" 200 205
::1 - - [08/Feb/2018:17:25:46 -0500] "GET / HTTP/1.1" 200 205
::1 - - [08/Feb/2018:17:27:31 -0500] "GET / HTTP/1.1" 200 205
::1 - - [08/Feb/2018:17:27:32 -0500] "GET /favicon.ico HTTP/1.1" 404 209
::1 - - [08/Feb/2018:17:27:36 -0500] "GET /index.php HTTP/1.1" 200 1147
::1 - - [08/Feb/2018:17:27:49 -0500] "GET /index.php HTTP/1.1" 304 -
::1 - - [08/Feb/2018:17:28:57 -0500] "GET /index.php HTTP/1.1" 200 1146
::1 - - [08/Feb/2018:17:28:58 -0500] "GET /index.php HTTP/1.1" 304 -
::1 - - [08/Feb/2018:17:28:59 -0500] "GET /index.php HTTP/1.1" 304 -
::1 - - [08/Feb/2018:17:29:00 -0500] "GET /index.php HTTP/1.1" 304 -
::1 - - [08/Feb/2018:17:29:00 -0500] "GET /index.php HTTP/1.1" 304 -
::1 - - [08/Feb/2018:17:35:13 -0500] "GET /index.php HTTP/1.1" 304 -
::1 - - [08/Feb/2018:17:35:37 -0500] "GET /index.php HTTP/1.1" 304 -
::1 - - [08/Feb/2018:17:40:43 -0500] "GET /index.php HTTP/1.1" 304 -
::1 - - [08/Feb/2018:17:40:47 -0500] "GET / HTTP/1.1" 200 205
::1 - - [08/Feb/2018:17:46:26 -0500] "GET / HTTP/1.1" 200 205
::1 - - [08/Feb/2018:17:46:28 -0500] "GET / HTTP/1.1" 200 205
::1 - - [08/Feb/2018:17:46:29 -0500] "GET / HTTP/1.1" 200 205
::1 - - [08/Feb/2018:17:46:30 -0500] "GET / HTTP/1.1" 200 205
::1 - - [08/Feb/2018:17:46:31 -0500] "GET / HTTP/1.1" 200 205
::1 - - [08/Feb/2018:17:47:29 -0500] "-" 408 -
::1 - - [08/Feb/2018:18:07:49 -0500] "GET / HTTP/1.1" 200 205
::1 - - [08/Feb/2018:18:07:53 -0500] "GET /index.php HTTP/1.1" 304 -
::1 - - [08/Feb/2018:18:12:51 -0500] "GET /index.php HTTP/1.1" 404 207
::1 - - [08/Feb/2018:18:12:58 -0500] "GET / HTTP/1.1" 200 1129
::1 - - [08/Feb/2018:18:13:58 -0500] "-" 408 -
::1 - - [08/Feb/2018:18:17:01 -0500] "GET / HTTP/1.1" 200 1122
::1 - - [08/Feb/2018:18:17:01 -0500] "GET /main.css HTTP/1.1" 404 206
::1 - - [08/Feb/2018:18:18:19 -0500] "GET / HTTP/1.1" 200 88600
::1 - - [08/Feb/2018:18:18:19 -0500] "GET /main.css HTTP/1.1" 404 206
::1 - - [08/Feb/2018:18:19:19 -0500] "-" 408 -
::1 - - [08/Feb/2018:18:19:19 -0500] "-" 408 -
::1 - - [08/Feb/2018:18:19:19 -0500] "-" 408 -
::1 - - [08/Feb/2018:18:20:43 -0500] "GET / HTTP/1.1" 200 88364
::1 - - [08/Feb/2018:18:20:44 -0500] "GET /main.css HTTP/1.1" 404 206
::1 - - [08/Feb/2018:18:21:44 -0500] "-" 408 -
::1 - - [08/Feb/2018:18:21:44 -0500] "-" 408 -
::1 - - [08/Feb/2018:18:26:16 -0500] "GET / HTTP/1.1" 200 1265
::1 - - [08/Feb/2018:18:27:12 -0500] "GET / HTTP/1.1" 200 1267
::1 - - [08/Feb/2018:18:28:44 -0500] "GET / HTTP/1.1" 200 1265
::1 - - [08/Feb/2018:18:28:56 -0500] "GET / HTTP/1.1" 200 211
::1 - - [08/Feb/2018:18:29:04 -0500] "GET / HTTP/1.1" 200 1265
::1 - - [08/Feb/2018:18:29:23 -0500] "GET / HTTP/1.1" 200 1265
::1 - - [08/Feb/2018:18:29:25 -0500] "GET / HTTP/1.1" 200 1265
::1 - - [08/Feb/2018:18:29:25 -0500] "GET / HTTP/1.1" 200 1265
::1 - - [08/Feb/2018:18:29:25 -0500] "GET / HTTP/1.1" 200 1265
::1 - - [08/Feb/2018:18:30:39 -0500] "GET / HTTP/1.1" 200 1262
::1 - - [08/Feb/2018:18:30:46 -0500] "GET / HTTP/1.1" 200 1260
::1 - - [08/Feb/2018:18:31:23 -0500] "GET / HTTP/1.1" 200 1278
::1 - - [08/Feb/2018:18:32:03 -0500] "GET / HTTP/1.1" 200 1584
::1 - - [08/Feb/2018:18:32:14 -0500] "GET / HTTP/1.1" 200 1584
::1 - - [08/Feb/2018:18:32:18 -0500] "GET / HTTP/1.1" 200 1584
::1 - - [08/Feb/2018:18:32:18 -0500] "GET / HTTP/1.1" 200 1584
::1 - - [08/Feb/2018:18:32:18 -0500] "GET / HTTP/1.1" 200 1584
::1 - - [08/Feb/2018:18:33:01 -0500] "GET / HTTP/1.1" 200 1300
::1 - - [08/Feb/2018:18:33:17 -0500] "GET / HTTP/1.1" 200 1584
::1 - - [08/Feb/2018:18:33:57 -0500] "GET / HTTP/1.1" 200 1278
::1 - - [08/Feb/2018:18:34:28 -0500] "GET / HTTP/1.1" 200 1297
::1 - - [08/Feb/2018:18:37:58 -0500] "GET / HTTP/1.1" 200 1436
::1 - - [08/Feb/2018:18:38:31 -0500] "GET / HTTP/1.1" 200 1441
::1 - - [08/Feb/2018:18:39:31 -0500] "-" 408 -
::1 - - [08/Feb/2018:18:42:03 -0500] "GET / HTTP/1.1" 200 1441
::1 - - [08/Feb/2018:18:43:04 -0500] "-" 408 -
::1 - - [08/Mar/2018:18:41:21 -0500] "GET /favicon.ico HTTP/1.1" 404 209
::1 - - [08/Mar/2018:19:15:22 -0500] "GET / HTTP/1.1" 200 1441
::1 - - [08/Mar/2018:19:16:22 -0500] "-" 408 -
::1 - - [08/Mar/2018:19:16:22 -0500] "-" 408 -
::1 - - [08/Mar/2018:19:19:38 -0500] "GET / HTTP/1.1" 200 1441
::1 - - [08/Mar/2018:19:20:01 -0500] "GET / HTTP/1.1" 200 257
::1 - - [08/Mar/2018:19:20:05 -0500] "GET /cuscohtml.php HTTP/1.1" 200 -
::1 - - [08/Mar/2018:19:20:28 -0500] "GET /cuscohtml.php HTTP/1.1" 200 25
::1 - - [08/Mar/2018:19:20:31 -0500] "GET /cuscohtml.php HTTP/1.1" 304 -
::1 - - [08/Mar/2018:19:20:31 -0500] "GET /cuscohtml.php HTTP/1.1" 304 -
::1 - - [08/Mar/2018:19:20:42 -0500] "GET /cuscohtml.php HTTP/1.1" 200 28
::1 - - [08/Mar/2018:19:20:42 -0500] "GET /cuscohtml.php HTTP/1.1" 304 -
::1 - - [08/Mar/2018:19:20:42 -0500] "GET /cuscohtml.php HTTP/1.1" 200 28
::1 - - [08/Mar/2018:19:20:42 -0500] "GET /cuscohtml.php HTTP/1.1" 304 -
::1 - - [08/Mar/2018:19:20:43 -0500] "GET /cuscohtml.php HTTP/1.1" 304 -
::1 - - [08/Mar/2018:19:21:43 -0500] "-" 408 -
::1 - - [08/Mar/2018:19:23:48 -0500] "GET /cuscohtml.php HTTP/1.1" 200 86
::1 - - [08/Mar/2018:19:23:50 -0500] "GET /cuscohtml.php HTTP/1.1" 304 -
::1 - - [08/Mar/2018:19:23:50 -0500] "GET /cuscohtml.php HTTP/1.1" 304 -
::1 - - [08/Mar/2018:19:23:50 -0500] "GET /cuscohtml.php HTTP/1.1" 304 -
::1 - - [08/Mar/2018:19:23:53 -0500] "GET /cuscohtml.php HTTP/1.1" 304 -
::1 - - [08/Mar/2018:19:23:54 -0500] "GET /cuscohtml.php HTTP/1.1" 304 -
::1 - - [08/Mar/2018:19:23:54 -0500] "GET /cuscohtml.php HTTP/1.1" 304 -
::1 - - [08/Mar/2018:19:23:54 -0500] "GET /cuscohtml.php HTTP/1.1" 304 -
::1 - - [08/Mar/2018:19:23:54 -0500] "GET /cuscohtml.php HTTP/1.1" 304 -
::1 - - [08/Mar/2018:19:23:55 -0500] "GET /cuscohtml.php HTTP/1.1" 304 -
::1 - - [08/Mar/2018:19:24:02 -0500] "GET /cuscohtml.php HTTP/1.1" 304 -
::1 - - [08/Mar/2018:19:24:02 -0500] "GET /cuscohtml.php HTTP/1.1" 304 -
::1 - - [08/Mar/2018:19:24:03 -0500] "GET /cuscohtml.php HTTP/1.1" 304 -
::1 - - [08/Mar/2018:19:24:03 -0500] "GET /cuscohtml.php HTTP/1.1" 304 -
::1 - - [08/Mar/2018:19:24:03 -0500] "GET /cuscohtml.php HTTP/1.1" 304 -
::1 - - [08/Mar/2018:19:24:03 -0500] "GET /cuscohtml.php HTTP/1.1" 304 -
::1 - - [08/Mar/2018:19:24:08 -0500] "GET /index.php HTTP/1.1" 200 1741
::1 - - [08/Mar/2018:19:24:17 -0500] "GET /cuscohtml.php HTTP/1.1" 304 -
::1 - - [09/Mar/2018:14:47:37 -0500] "GET /favicon.ico HTTP/1.1" 404 209
::1 - - [09/Mar/2018:14:47:39 -0500] "GET /favicon.ico HTTP/1.1" 404 209
::1 - - [09/Mar/2018:15:14:17 -0500] "GET / HTTP/1.1" 200 257
::1 - - [09/Mar/2018:15:14:19 -0500] "GET /cuscohtml.php HTTP/1.1" 200 502
::1 - - [09/Mar/2018:15:14:28 -0500] "GET /cuscohtml.php HTTP/1.1" 304 -
::1 - - [09/Mar/2018:15:14:30 -0500] "GET /cuscohtml.php HTTP/1.1" 304 -
::1 - - [09/Mar/2018:15:14:31 -0500] "GET /cuscohtml.php HTTP/1.1" 304 -
::1 - - [09/Mar/2018:15:14:31 -0500] "GET /cuscohtml.php HTTP/1.1" 304 -
::1 - - [09/Mar/2018:15:14:41 -0500] "GET /cuscohtml.php HTTP/1.1" 304 -
::1 - - [09/Mar/2018:15:14:42 -0500] "GET /cuscohtml.php HTTP/1.1" 304 -
::1 - - [09/Mar/2018:15:14:45 -0500] "GET /index.php HTTP/1.1" 304 -
::1 - - [09/Mar/2018:15:15:28 -0500] "GET / HTTP/1.1" 200 257
::1 - - [09/Mar/2018:15:15:29 -0500] "GET / HTTP/1.1" 200 257
::1 - - [09/Mar/2018:15:15:29 -0500] "GET / HTTP/1.1" 200 257
::1 - - [09/Mar/2018:15:20:49 -0500] "GET /cuscohtml.php HTTP/1.1" 200 23
::1 - - [09/Mar/2018:15:20:50 -0500] "GET /cuscohtml.php HTTP/1.1" 304 -
::1 - - [09/Mar/2018:15:20:56 -0500] "GET /cuscohtml.php HTTP/1.1" 304 -
::1 - - [09/Mar/2018:15:24:38 -0500] "GET /cuscohtml.php HTTP/1.1" 304 -
::1 - - [09/Mar/2018:15:24:40 -0500] "GET /cuscohtml.php HTTP/1.1" 304 -
::1 - - [09/Mar/2018:15:24:41 -0500] "GET /cuscohtml.php HTTP/1.1" 304 -
::1 - - [09/Mar/2018:15:24:42 -0500] "GET /cuscohtml.php HTTP/1.1" 304 -
::1 - - [09/Mar/2018:15:27:39 -0500] "GET / HTTP/1.1" 200 257
::1 - - [09/Mar/2018:15:27:43 -0500] "GET /cuscohtml.php HTTP/1.1" 304 -
::1 - - [09/Mar/2018:15:31:36 -0500] "GET /cuscohtml.php HTTP/1.1" 304 -
::1 - - [09/Mar/2018:15:31:37 -0500] "GET /cuscohtml.php HTTP/1.1" 304 -
::1 - - [09/Mar/2018:15:31:38 -0500] "GET /cuscohtml.php HTTP/1.1" 304 -
::1 - - [09/Mar/2018:15:31:39 -0500] "GET /cuscohtml.php HTTP/1.1" 304 -
::1 - - [09/Mar/2018:15:31:39 -0500] "GET /cuscohtml.php HTTP/1.1" 304 -
::1 - - [09/Mar/2018:15:31:40 -0500] "GET /cuscohtml.php HTTP/1.1" 304 -
::1 - - [09/Mar/2018:15:31:58 -0500] "GET /cuscohtml.php HTTP/1.1" 304 -
::1 - - [09/Mar/2018:15:32:00 -0500] "GET /cuscohtml.php HTTP/1.1" 304 -
::1 - - [09/Mar/2018:15:32:01 -0500] "GET /cuscohtml.php HTTP/1.1" 304 -
127.0.0.1 - - [09/Mar/2018:15:33:54 -0500] "GET / HTTP/1.1" 200 87526
::1 - - [09/Mar/2018:15:51:01 -0500] "GET / HTTP/1.1" 200 87502
::1 - - [09/Mar/2018:15:51:02 -0500] "GET / HTTP/1.1" 200 87502
::1 - - [09/Mar/2018:15:51:03 -0500] "GET / HTTP/1.1" 200 87502
::1 - - [09/Mar/2018:15:51:03 -0500] "GET / HTTP/1.1" 200 87501
::1 - - [09/Mar/2018:15:51:15 -0500] "GET / HTTP/1.1" 200 87502
::1 - - [09/Mar/2018:15:51:16 -0500] "GET / HTTP/1.1" 200 87502
::1 - - [09/Mar/2018:15:51:17 -0500] "GET / HTTP/1.1" 200 87502
::1 - - [09/Mar/2018:15:51:17 -0500] "GET / HTTP/1.1" 200 87502
::1 - - [09/Mar/2018:16:10:58 -0500] "GET / HTTP/1.1" 200 87502
::1 - - [09/Mar/2018:16:10:59 -0500] "GET / HTTP/1.1" 200 87502
::1 - - [09/Mar/2018:16:11:01 -0500] "GET / HTTP/1.1" 200 87502
::1 - - [09/Mar/2018:16:14:23 -0500] "GET / HTTP/1.1" 200 87502
::1 - - [09/Mar/2018:16:14:24 -0500] "GET / HTTP/1.1" 200 87502
::1 - - [09/Mar/2018:16:14:25 -0500] "GET / HTTP/1.1" 200 87502
::1 - - [09/Mar/2018:16:14:25 -0500] "GET / HTTP/1.1" 200 87501
::1 - - [09/Mar/2018:16:14:26 -0500] "GET / HTTP/1.1" 200 87502
::1 - - [09/Mar/2018:16:20:42 -0500] "GET / HTTP/1.1" 200 87502
::1 - - [09/Mar/2018:16:20:44 -0500] "GET / HTTP/1.1" 200 87502
::1 - - [09/Mar/2018:16:21:30 -0500] "GET / HTTP/1.1" 200 22
::1 - - [09/Mar/2018:16:22:34 -0500] "GET / HTTP/1.1" 200 2
::1 - - [09/Mar/2018:16:23:07 -0500] "GET / HTTP/1.1" 200 12
::1 - - [09/Mar/2018:16:53:57 -0500] "GET / HTTP/1.1" 200 12
::1 - - [09/Mar/2018:16:54:23 -0500] "GET / HTTP/1.1" 200 87498
::1 - - [09/Mar/2018:16:55:23 -0500] "-" 408 -
::1 - - [09/Mar/2018:16:55:58 -0500] "GET / HTTP/1.1" 200 87265
::1 - - [09/Mar/2018:17:02:00 -0500] "GET / HTTP/1.1" 200 87266
::1 - - [09/Mar/2018:17:05:04 -0500] "GET / HTTP/1.1" 200 87265
::1 - - [09/Mar/2018:17:06:05 -0500] "-" 408 -
::1 - - [09/Mar/2018:17:08:15 -0500] "GET / HTTP/1.1" 200 87502
::1 - - [09/Mar/2018:17:08:17 -0500] "GET / HTTP/1.1" 200 87502
::1 - - [09/Mar/2018:17:08:18 -0500] "GET / HTTP/1.1" 200 87500
::1 - - [09/Mar/2018:17:08:18 -0500] "GET / HTTP/1.1" 200 87502
::1 - - [09/Mar/2018:17:08:19 -0500] "GET / HTTP/1.1" 200 87502
::1 - - [09/Mar/2018:17:09:16 -0500] "-" 408 -
::1 - - [09/Mar/2018:17:10:07 -0500] "GET / HTTP/1.1" 200 87502
::1 - - [09/Mar/2018:17:10:27 -0500] "GET / HTTP/1.1" 200 12
::1 - - [09/Mar/2018:17:10:28 -0500] "GET / HTTP/1.1" 200 12
::1 - - [09/Mar/2018:17:10:29 -0500] "GET / HTTP/1.1" 200 12
::1 - - [09/Mar/2018:17:11:44 -0500] "GET / HTTP/1.1" 200 87502
::1 - - [09/Mar/2018:17:12:44 -0500] "-" 408 -
