[Mon Mar 12 17:59:33.638051 2018] [mpm_winnt:notice] [pid 1804:tid 360] AH00455: Apache/2.4.29 (Win64) PHP/7.2.2RC1 configured -- resuming normal operations
[Mon Mar 12 17:59:33.638051 2018] [mpm_winnt:notice] [pid 1804:tid 360] AH00456: Apache Lounge VC15 Server built: Nov  3 2017 11:12:00
[Mon Mar 12 17:59:33.638051 2018] [core:notice] [pid 1804:tid 360] AH00094: Command line: 'E:\\PhpFiles\\Apache2.4\\httpd-2.4.29-Win64-VC15\\Apache24\\bin\\httpd.exe -d E:/PhpFiles/Apache2.4/httpd-2.4.29-Win64-VC15/Apache24'
[Mon Mar 12 17:59:33.638051 2018] [mpm_winnt:notice] [pid 1804:tid 360] AH00418: Parent: Created child process 1460
[Mon Mar 12 17:59:33.981252 2018] [mpm_winnt:notice] [pid 1460:tid 252] AH00354: Child: Starting 64 worker threads.
[Mon Mar 12 18:03:34.628197 2018] [php7:error] [pid 1460:tid 788] [client ::1:49269] script 'E:/PhpFiles/Apache2.4/httpd-2.4.29-Win64-VC15/Apache24/htdocs/favicon.ico' not found or unable to stat, referer: http://localhost:8233/
[Mon Mar 12 18:03:36.049278 2018] [php7:error] [pid 1460:tid 788] [client ::1:49269] script 'E:/PhpFiles/Apache2.4/httpd-2.4.29-Win64-VC15/Apache24/htdocs/favicon.ico' not found or unable to stat, referer: http://localhost:8233/
[Mon Mar 12 18:03:37.570365 2018] [php7:error] [pid 1460:tid 788] [client ::1:49269] script 'E:/PhpFiles/Apache2.4/httpd-2.4.29-Win64-VC15/Apache24/htdocs/favicon.ico' not found or unable to stat, referer: http://localhost:8233/
[Mon Mar 12 18:19:48.670968 2018] [mpm_winnt:notice] [pid 1804:tid 360] AH00424: Parent: Received restart signal -- Restarting the server.
[Mon Mar 12 18:19:50.758088 2018] [mpm_winnt:notice] [pid 1460:tid 252] AH00364: Child: All worker threads have exited.
[Mon Mar 12 18:19:51.478129 2018] [mpm_winnt:notice] [pid 1804:tid 360] AH00455: Apache/2.4.29 (Win64) PHP/7.2.2RC1 configured -- resuming normal operations
[Mon Mar 12 18:19:51.478129 2018] [mpm_winnt:notice] [pid 1804:tid 360] AH00456: Apache Lounge VC15 Server built: Nov  3 2017 11:12:00
[Mon Mar 12 18:19:51.478129 2018] [core:notice] [pid 1804:tid 360] AH00094: Command line: 'E:\\PhpFiles\\Apache2.4\\httpd-2.4.29-Win64-VC15\\Apache24\\bin\\httpd.exe -d E:/PhpFiles/Apache2.4/httpd-2.4.29-Win64-VC15/Apache24'
[Mon Mar 12 18:19:51.543133 2018] [mpm_winnt:notice] [pid 1804:tid 360] AH00418: Parent: Created child process 8004
[Mon Mar 12 18:19:52.452185 2018] [mpm_winnt:notice] [pid 8004:tid 252] AH00354: Child: Starting 64 worker threads.
[Mon Mar 12 18:21:17.248035 2018] [mpm_winnt:notice] [pid 1804:tid 360] AH00424: Parent: Received restart signal -- Restarting the server.
[Mon Mar 12 18:21:17.325039 2018] [mpm_winnt:notice] [pid 1804:tid 360] AH00455: Apache/2.4.29 (Win64) PHP/7.2.2RC1 configured -- resuming normal operations
[Mon Mar 12 18:21:17.325039 2018] [mpm_winnt:notice] [pid 1804:tid 360] AH00456: Apache Lounge VC15 Server built: Nov  3 2017 11:12:00
[Mon Mar 12 18:21:17.325039 2018] [core:notice] [pid 1804:tid 360] AH00094: Command line: 'E:\\PhpFiles\\Apache2.4\\httpd-2.4.29-Win64-VC15\\Apache24\\bin\\httpd.exe -d E:/PhpFiles/Apache2.4/httpd-2.4.29-Win64-VC15/Apache24'
[Mon Mar 12 18:21:17.326039 2018] [mpm_winnt:notice] [pid 1804:tid 360] AH00418: Parent: Created child process 3312
[Mon Mar 12 18:21:18.248092 2018] [mpm_winnt:notice] [pid 3312:tid 252] AH00354: Child: Starting 64 worker threads.
[Mon Mar 12 18:21:19.248149 2018] [mpm_winnt:notice] [pid 8004:tid 252] AH00364: Child: All worker threads have exited.
[Mon Mar 12 18:50:05.424766 2018] [mpm_winnt:notice] [pid 1804:tid 360] AH00424: Parent: Received restart signal -- Restarting the server.
[Mon Mar 12 18:50:05.490770 2018] [mpm_winnt:notice] [pid 1804:tid 360] AH00455: Apache/2.4.29 (Win64) PHP/7.2.2RC1 configured -- resuming normal operations
[Mon Mar 12 18:50:05.490770 2018] [mpm_winnt:notice] [pid 1804:tid 360] AH00456: Apache Lounge VC15 Server built: Nov  3 2017 11:12:00
[Mon Mar 12 18:50:05.490770 2018] [core:notice] [pid 1804:tid 360] AH00094: Command line: 'E:\\PhpFiles\\Apache2.4\\httpd-2.4.29-Win64-VC15\\Apache24\\bin\\httpd.exe -d E:/PhpFiles/Apache2.4/httpd-2.4.29-Win64-VC15/Apache24'
[Mon Mar 12 18:50:05.491770 2018] [mpm_winnt:notice] [pid 1804:tid 360] AH00418: Parent: Created child process 8968
[Mon Mar 12 18:50:06.424824 2018] [mpm_winnt:notice] [pid 8968:tid 252] AH00354: Child: Starting 64 worker threads.
[Mon Mar 12 18:50:07.424881 2018] [mpm_winnt:notice] [pid 3312:tid 252] AH00364: Child: All worker threads have exited.
[Mon Mar 12 18:52:59.984751 2018] [mpm_winnt:notice] [pid 1804:tid 360] AH00424: Parent: Received restart signal -- Restarting the server.
[Mon Mar 12 18:53:00.025753 2018] [mpm_winnt:notice] [pid 1804:tid 360] AH00455: Apache/2.4.29 (Win64) PHP/7.2.2RC1 configured -- resuming normal operations
[Mon Mar 12 18:53:00.025753 2018] [mpm_winnt:notice] [pid 1804:tid 360] AH00456: Apache Lounge VC15 Server built: Nov  3 2017 11:12:00
[Mon Mar 12 18:53:00.025753 2018] [core:notice] [pid 1804:tid 360] AH00094: Command line: 'E:\\PhpFiles\\Apache2.4\\httpd-2.4.29-Win64-VC15\\Apache24\\bin\\httpd.exe -d E:/PhpFiles/Apache2.4/httpd-2.4.29-Win64-VC15/Apache24'
[Mon Mar 12 18:53:00.027753 2018] [mpm_winnt:notice] [pid 1804:tid 360] AH00418: Parent: Created child process 4812
[Mon Mar 12 18:53:00.984808 2018] [mpm_winnt:notice] [pid 4812:tid 252] AH00354: Child: Starting 64 worker threads.
[Mon Mar 12 18:53:01.984865 2018] [mpm_winnt:notice] [pid 8968:tid 252] AH00364: Child: All worker threads have exited.
[Mon Mar 12 21:10:15.124519 2018] [mpm_winnt:notice] [pid 1804:tid 360] AH00422: Parent: Received shutdown signal -- Shutting down the server.
[Mon Mar 12 21:10:26.902540 2018] [mpm_winnt:notice] [pid 4812:tid 252] AH00364: Child: All worker threads have exited.
[Mon Mar 12 21:10:39.959762 2018] [mpm_winnt:notice] [pid 1804:tid 360] AH00430: Parent: Child process 4812 exited successfully.
[Tue Mar 13 13:47:52.355050 2018] [mpm_winnt:notice] [pid 1856:tid 360] AH00455: Apache/2.4.29 (Win64) PHP/7.2.2RC1 configured -- resuming normal operations
[Tue Mar 13 13:47:52.417450 2018] [mpm_winnt:notice] [pid 1856:tid 360] AH00456: Apache Lounge VC15 Server built: Nov  3 2017 11:12:00
[Tue Mar 13 13:47:52.417450 2018] [core:notice] [pid 1856:tid 360] AH00094: Command line: 'E:\\PhpFiles\\Apache2.4\\httpd-2.4.29-Win64-VC15\\Apache24\\bin\\httpd.exe -d E:/PhpFiles/Apache2.4/httpd-2.4.29-Win64-VC15/Apache24'
[Tue Mar 13 13:47:52.417450 2018] [mpm_winnt:notice] [pid 1856:tid 360] AH00418: Parent: Created child process 1376
[Tue Mar 13 13:47:52.760651 2018] [mpm_winnt:notice] [pid 1376:tid 252] AH00354: Child: Starting 64 worker threads.
[Tue Mar 13 13:50:45.748699 2018] [php7:error] [pid 1376:tid 776] [client ::1:49191] script 'E:/PhpFiles/Apache2.4/httpd-2.4.29-Win64-VC15/Apache24/htdocs/favicon.ico' not found or unable to stat, referer: http://localhost:8233/
[Tue Mar 13 14:49:02.706136 2018] [mpm_winnt:notice] [pid 1856:tid 360] AH00422: Parent: Received shutdown signal -- Shutting down the server.
[Tue Mar 13 14:49:09.398548 2018] [mpm_winnt:notice] [pid 1376:tid 252] AH00364: Child: All worker threads have exited.
[Tue Mar 13 14:49:20.926968 2018] [mpm_winnt:notice] [pid 1856:tid 360] AH00430: Parent: Child process 1376 exited successfully.
[Wed Mar 14 17:33:45.254430 2018] [mpm_winnt:notice] [pid 1768:tid 360] AH00455: Apache/2.4.29 (Win64) PHP/7.2.2RC1 configured -- resuming normal operations
[Wed Mar 14 17:33:45.284430 2018] [mpm_winnt:notice] [pid 1768:tid 360] AH00456: Apache Lounge VC15 Server built: Nov  3 2017 11:12:00
[Wed Mar 14 17:33:45.284430 2018] [core:notice] [pid 1768:tid 360] AH00094: Command line: 'E:\\PhpFiles\\Apache2.4\\httpd-2.4.29-Win64-VC15\\Apache24\\bin\\httpd.exe -d E:/PhpFiles/Apache2.4/httpd-2.4.29-Win64-VC15/Apache24'
[Wed Mar 14 17:33:45.284430 2018] [mpm_winnt:notice] [pid 1768:tid 360] AH00418: Parent: Created child process 2012
[Wed Mar 14 17:33:45.634431 2018] [mpm_winnt:notice] [pid 2012:tid 252] AH00354: Child: Starting 64 worker threads.
[Wed Mar 14 17:43:32.613195 2018] [php7:error] [pid 2012:tid 788] [client ::1:50929] script 'E:/PhpFiles/Apache2.4/httpd-2.4.29-Win64-VC15/Apache24/htdocs/favicon.ico' not found or unable to stat, referer: http://localhost:8233/
[Wed Mar 14 18:38:15.764621 2018] [mpm_winnt:notice] [pid 1768:tid 360] AH00422: Parent: Received shutdown signal -- Shutting down the server.
[Wed Mar 14 18:38:22.628633 2018] [mpm_winnt:notice] [pid 2012:tid 252] AH00364: Child: All worker threads have exited.
[Wed Mar 14 18:38:32.690651 2018] [mpm_winnt:notice] [pid 1768:tid 360] AH00430: Parent: Child process 2012 exited successfully.
[Wed Mar 14 21:21:56.206030 2018] [mpm_winnt:notice] [pid 1832:tid 360] AH00455: Apache/2.4.29 (Win64) PHP/7.2.2RC1 configured -- resuming normal operations
[Wed Mar 14 21:21:56.266030 2018] [mpm_winnt:notice] [pid 1832:tid 360] AH00456: Apache Lounge VC15 Server built: Nov  3 2017 11:12:00
[Wed Mar 14 21:21:56.266030 2018] [core:notice] [pid 1832:tid 360] AH00094: Command line: 'E:\\PhpFiles\\Apache2.4\\httpd-2.4.29-Win64-VC15\\Apache24\\bin\\httpd.exe -d E:/PhpFiles/Apache2.4/httpd-2.4.29-Win64-VC15/Apache24'
[Wed Mar 14 21:21:56.266030 2018] [mpm_winnt:notice] [pid 1832:tid 360] AH00418: Parent: Created child process 1320
[Wed Mar 14 21:21:56.626030 2018] [mpm_winnt:notice] [pid 1320:tid 252] AH00354: Child: Starting 64 worker threads.
[Wed Mar 14 21:23:51.450839 2018] [php7:error] [pid 1320:tid 800] [client ::1:49379] script 'E:/PhpFiles/Apache2.4/httpd-2.4.29-Win64-VC15/Apache24/htdocs/favicon.ico' not found or unable to stat, referer: http://localhost:8233/
[Wed Mar 14 22:16:17.401280 2018] [mpm_winnt:notice] [pid 1832:tid 360] AH00422: Parent: Received shutdown signal -- Shutting down the server.
[Wed Mar 14 22:16:22.003288 2018] [mpm_winnt:notice] [pid 1320:tid 252] AH00364: Child: All worker threads have exited.
[Wed Mar 14 22:16:36.214913 2018] [mpm_winnt:notice] [pid 1832:tid 360] AH00430: Parent: Child process 1320 exited successfully.
[Thu Mar 15 13:41:15.994265 2018] [mpm_winnt:notice] [pid 1872:tid 360] AH00455: Apache/2.4.29 (Win64) PHP/7.2.2RC1 configured -- resuming normal operations
[Thu Mar 15 13:41:16.025465 2018] [mpm_winnt:notice] [pid 1872:tid 360] AH00456: Apache Lounge VC15 Server built: Nov  3 2017 11:12:00
[Thu Mar 15 13:41:16.025465 2018] [core:notice] [pid 1872:tid 360] AH00094: Command line: 'E:\\PhpFiles\\Apache2.4\\httpd-2.4.29-Win64-VC15\\Apache24\\bin\\httpd.exe -d E:/PhpFiles/Apache2.4/httpd-2.4.29-Win64-VC15/Apache24'
[Thu Mar 15 13:41:16.025465 2018] [mpm_winnt:notice] [pid 1872:tid 360] AH00418: Parent: Created child process 1320
[Thu Mar 15 13:41:16.384266 2018] [mpm_winnt:notice] [pid 1320:tid 252] AH00354: Child: Starting 64 worker threads.
[Thu Mar 15 13:53:52.943262 2018] [php7:error] [pid 1320:tid 784] [client ::1:49260] script 'E:/PhpFiles/Apache2.4/httpd-2.4.29-Win64-VC15/Apache24/htdocs/favicon.ico' not found or unable to stat, referer: http://localhost:8233/
[Thu Mar 15 14:51:23.358665 2018] [mpm_winnt:notice] [pid 1872:tid 360] AH00422: Parent: Received shutdown signal -- Shutting down the server.
[Thu Mar 15 14:51:26.743871 2018] [mpm_winnt:notice] [pid 1320:tid 252] AH00364: Child: All worker threads have exited.
[Thu Mar 15 14:51:53.419917 2018] [mpm_winnt:notice] [pid 1872:tid 360] AH00431: Parent: Forcing termination of child process 1320
[Sat Mar 17 14:08:19.858851 2018] [mpm_winnt:notice] [pid 1884:tid 360] AH00455: Apache/2.4.29 (Win64) PHP/7.2.2RC1 configured -- resuming normal operations
[Sat Mar 17 14:08:19.905651 2018] [mpm_winnt:notice] [pid 1884:tid 360] AH00456: Apache Lounge VC15 Server built: Nov  3 2017 11:12:00
[Sat Mar 17 14:08:19.905651 2018] [core:notice] [pid 1884:tid 360] AH00094: Command line: 'E:\\PhpFiles\\Apache2.4\\httpd-2.4.29-Win64-VC15\\Apache24\\bin\\httpd.exe -d E:/PhpFiles/Apache2.4/httpd-2.4.29-Win64-VC15/Apache24'
[Sat Mar 17 14:08:19.905651 2018] [mpm_winnt:notice] [pid 1884:tid 360] AH00418: Parent: Created child process 1936
[Sat Mar 17 14:08:20.264452 2018] [mpm_winnt:notice] [pid 1936:tid 252] AH00354: Child: Starting 64 worker threads.
[Sat Mar 17 14:18:44.844623 2018] [php7:error] [pid 1936:tid 780] [client ::1:49519] script 'E:/PhpFiles/Apache2.4/httpd-2.4.29-Win64-VC15/Apache24/htdocs/favicon.ico' not found or unable to stat, referer: http://localhost:8233/
[Sat Mar 17 14:41:26.640909 2018] [mpm_winnt:notice] [pid 1884:tid 360] AH00424: Parent: Received restart signal -- Restarting the server.
[Sat Mar 17 14:41:28.040114 2018] [mpm_winnt:notice] [pid 1884:tid 360] AH00455: Apache/2.4.29 (Win64) PHP/7.2.2RC1 configured -- resuming normal operations
[Sat Mar 17 14:41:28.040114 2018] [mpm_winnt:notice] [pid 1884:tid 360] AH00456: Apache Lounge VC15 Server built: Nov  3 2017 11:12:00
[Sat Mar 17 14:41:28.040114 2018] [core:notice] [pid 1884:tid 360] AH00094: Command line: 'E:\\PhpFiles\\Apache2.4\\httpd-2.4.29-Win64-VC15\\Apache24\\bin\\httpd.exe -d E:/PhpFiles/Apache2.4/httpd-2.4.29-Win64-VC15/Apache24'
[Sat Mar 17 14:41:28.040114 2018] [mpm_winnt:notice] [pid 1884:tid 360] AH00418: Parent: Created child process 6980
[Sat Mar 17 14:41:28.660516 2018] [mpm_winnt:notice] [pid 1936:tid 252] AH00364: Child: All worker threads have exited.
[Sat Mar 17 14:41:28.878916 2018] [mpm_winnt:notice] [pid 6980:tid 252] AH00354: Child: Starting 64 worker threads.
[Sat Mar 17 14:41:36.035442 2018] [php7:error] [pid 6980:tid 772] [client ::1:50325] script 'E:/PhpFiles/Apache2.4/httpd-2.4.29-Win64-VC15/Apache24/htdocs/favicon.ico' not found or unable to stat, referer: http://localhost:8233/
[Sat Mar 17 14:55:35.128345 2018] [mpm_winnt:notice] [pid 1884:tid 360] AH00424: Parent: Received restart signal -- Restarting the server.
[Sat Mar 17 14:55:35.175145 2018] [mpm_winnt:notice] [pid 1884:tid 360] AH00455: Apache/2.4.29 (Win64) PHP/7.2.2RC1 configured -- resuming normal operations
[Sat Mar 17 14:55:35.175145 2018] [mpm_winnt:notice] [pid 1884:tid 360] AH00456: Apache Lounge VC15 Server built: Nov  3 2017 11:12:00
[Sat Mar 17 14:55:35.175145 2018] [core:notice] [pid 1884:tid 360] AH00094: Command line: 'E:\\PhpFiles\\Apache2.4\\httpd-2.4.29-Win64-VC15\\Apache24\\bin\\httpd.exe -d E:/PhpFiles/Apache2.4/httpd-2.4.29-Win64-VC15/Apache24'
[Sat Mar 17 14:55:35.175145 2018] [mpm_winnt:notice] [pid 1884:tid 360] AH00418: Parent: Created child process 1132
[Sat Mar 17 14:55:36.128949 2018] [mpm_winnt:notice] [pid 1132:tid 252] AH00354: Child: Starting 64 worker threads.
[Sat Mar 17 14:55:37.143753 2018] [mpm_winnt:notice] [pid 6980:tid 252] AH00364: Child: All worker threads have exited.
[Sat Mar 17 14:57:15.432478 2018] [mpm_winnt:notice] [pid 1884:tid 360] AH00424: Parent: Received restart signal -- Restarting the server.
[Sat Mar 17 14:57:15.467480 2018] [mpm_winnt:notice] [pid 1884:tid 360] AH00455: Apache/2.4.29 (Win64) PHP/7.2.2RC1 configured -- resuming normal operations
[Sat Mar 17 14:57:15.467480 2018] [mpm_winnt:notice] [pid 1884:tid 360] AH00456: Apache Lounge VC15 Server built: Nov  3 2017 11:12:00
[Sat Mar 17 14:57:15.467480 2018] [core:notice] [pid 1884:tid 360] AH00094: Command line: 'E:\\PhpFiles\\Apache2.4\\httpd-2.4.29-Win64-VC15\\Apache24\\bin\\httpd.exe -d E:/PhpFiles/Apache2.4/httpd-2.4.29-Win64-VC15/Apache24'
[Sat Mar 17 14:57:15.467480 2018] [mpm_winnt:notice] [pid 1884:tid 360] AH00418: Parent: Created child process 1328
[Sat Mar 17 14:57:16.445484 2018] [mpm_winnt:notice] [pid 1328:tid 252] AH00354: Child: Starting 64 worker threads.
[Sat Mar 17 14:57:17.445513 2018] [mpm_winnt:notice] [pid 1132:tid 252] AH00364: Child: All worker threads have exited.
[Sat Mar 17 16:48:48.971902 2018] [mpm_winnt:notice] [pid 1884:tid 360] AH00422: Parent: Received shutdown signal -- Shutting down the server.
[Sat Mar 17 16:48:52.013908 2018] [mpm_winnt:notice] [pid 1328:tid 252] AH00364: Child: All worker threads have exited.
[Sat Mar 17 16:48:54.197912 2018] [mpm_winnt:notice] [pid 1884:tid 360] AH00430: Parent: Child process 1328 exited successfully.
[Mon Mar 19 14:49:50.604053 2018] [mpm_winnt:notice] [pid 1824:tid 360] AH00455: Apache/2.4.29 (Win64) PHP/7.2.2RC1 configured -- resuming normal operations
[Mon Mar 19 14:49:50.682053 2018] [mpm_winnt:notice] [pid 1824:tid 360] AH00456: Apache Lounge VC15 Server built: Nov  3 2017 11:12:00
[Mon Mar 19 14:49:50.682053 2018] [core:notice] [pid 1824:tid 360] AH00094: Command line: 'E:\\PhpFiles\\Apache2.4\\httpd-2.4.29-Win64-VC15\\Apache24\\bin\\httpd.exe -d E:/PhpFiles/Apache2.4/httpd-2.4.29-Win64-VC15/Apache24'
[Mon Mar 19 14:49:50.682053 2018] [mpm_winnt:notice] [pid 1824:tid 360] AH00418: Parent: Created child process 1928
